<?xml version="1.0" encoding="UTF-8"?>
<testsuite xmlns:xsi="http://www.w3.org/2001/XMLSchema-instance" xsi:noNamespaceSchemaLocation="https://maven.apache.org/surefire/maven-surefire-plugin/xsd/surefire-test-report.xsd" name="runners.CucumberRunnerTest" time="12.104" tests="1" errors="1" skipped="0" failures="0">
  <properties>
[...]
</properties>
  <testcase name="promo" classname="Test the landing portal" time="11.594">
    <error message="Cannot invoke &quot;org.asynchttpclient.ws.WebSocket.sendCloseFrame(int, String)&quot; because &quot;this.socket&quot; is null" type="java.lang.NullPointerException">java.lang.NullPointerException: Cannot invoke "org.asynchttpclient.ws.WebSocket.sendCloseFrame(int, String)" because "this.socket" is null
</error>
    <system-out><![CDATA[17:59:19.069 [main] INFO org.springframework.core.KotlinDetector - Kotlin reflection implementation not found at runtime, related features won't be available.
17:59:19.074 [main] DEBUG org.springframework.context.support.GenericApplicationContext - Refreshing org.springframework.context.support.GenericApplicationContext@15713d56

@LandingTest @promo
Scenario: promo                 # src/test/resources/features/Landing.feature:17
17:59:19.736 [main] DEBUG io.github.bonigarcia.wdm.cache.ResolutionCache - Resolution edge=116 in cache (valid until 18:36:09 14/09/2023 CST)
17:59:19.740 [main] DEBUG io.github.bonigarcia.wdm.cache.ResolutionCache - Resolution edge116=116.0.1938.81 in cache (valid until 13:58:53 15/09/2023 CST)
17:59:19.740 [main] INFO io.github.bonigarcia.wdm.WebDriverManager - Using msedgedriver 116.0.1938.81 (resolved driver for Edge 116)
17:59:19.759 [main] DEBUG io.github.bonigarcia.wdm.WebDriverManager - Driver msedgedriver 116.0.1938.81 found in cache
17:59:19.760 [main] INFO io.github.bonigarcia.wdm.WebDriverManager - Exporting webdriver.edge.driver as C:\Users\Juan San Martin\.cache\selenium\msedgedriver\win64\116.0.1938.81\msedgedriver.exe
17:59:19.854 [main] DEBUG io.netty.util.internal.logging.InternalLoggerFactory - Using SLF4J as the default logging framework
17:59:19.857 [main] DEBUG io.netty.util.ResourceLeakDetector - -Dio.netty.leakDetection.level: simple
17:59:19.858 [main] DEBUG io.netty.util.ResourceLeakDetector - -Dio.netty.leakDetection.targetRecords: 4
17:59:19.875 [main] DEBUG io.netty.util.internal.PlatformDependent - Platform: Windows
17:59:19.877 [main] DEBUG io.netty.util.internal.PlatformDependent0 - -Dio.netty.noUnsafe: false
17:59:19.878 [main] DEBUG io.netty.util.internal.PlatformDependent0 - Java version: 17
17:59:19.880 [main] DEBUG io.netty.util.internal.PlatformDependent0 - sun.misc.Unsafe.theUnsafe: available
17:59:19.881 [main] DEBUG io.netty.util.internal.PlatformDependent0 - sun.misc.Unsafe.copyMemory: available
17:59:19.882 [main] DEBUG io.netty.util.internal.PlatformDependent0 - java.nio.Buffer.address: available
17:59:19.886 [main] DEBUG io.netty.util.internal.PlatformDependent0 - direct buffer constructor: unavailable
java.lang.UnsupportedOperationException: Reflective setAccessible(true) disabled
	at io.netty.util.internal.ReflectionUtil.trySetAccessible(ReflectionUtil.java:31)
	at io.netty.util.internal.PlatformDependent0$4.run(PlatformDependent0.java:224)
	at java.base/java.security.AccessController.doPrivileged(AccessController.java:318)
	at io.netty.util.internal.PlatformDependent0.<clinit>(PlatformDependent0.java:218)
	at io.netty.util.internal.PlatformDependent.isAndroid(PlatformDependent.java:212)
	at io.netty.util.internal.PlatformDependent.<clinit>(PlatformDependent.java:80)
	at io.netty.util.ResourceLeakDetector.<init>(ResourceLeakDetector.java:162)
	at io.netty.util.ResourceLeakDetector.<init>(ResourceLeakDetector.java:207)
	at io.netty.util.ResourceLeakDetectorFactory$DefaultResourceLeakDetectorFactory.newResourceLeakDetector(ResourceLeakDetectorFactory.java:201)
	at io.netty.util.HashedWheelTimer.<clinit>(HashedWheelTimer.java:88)
	at org.asynchttpclient.DefaultAsyncHttpClient.newNettyTimer(DefaultAsyncHttpClient.java:97)
	at org.asynchttpclient.DefaultAsyncHttpClient.<init>(DefaultAsyncHttpClient.java:87)
	at org.asynchttpclient.DefaultAsyncHttpClient.<init>(DefaultAsyncHttpClient.java:71)
	at org.asynchttpclient.Dsl.asyncHttpClient(Dsl.java:28)
	at org.openqa.selenium.remote.http.netty.CreateNettyClient.apply(CreateNettyClient.java:34)
	at org.openqa.selenium.remote.http.netty.NettyHttpHandler.<init>(NettyHttpHandler.java:39)
	at org.openqa.selenium.remote.http.netty.NettyClient$Factory.createClient(NettyClient.java:68)
	at org.openqa.selenium.remote.http.HttpClient$Factory.createClient(HttpClient.java:71)
	at org.openqa.selenium.remote.HttpCommandExecutor.<init>(HttpCommandExecutor.java:90)
	at org.openqa.selenium.remote.HttpCommandExecutor.<init>(HttpCommandExecutor.java:73)
	at org.openqa.selenium.remote.HttpCommandExecutor.<init>(HttpCommandExecutor.java:60)
	at org.openqa.selenium.remote.service.DriverCommandExecutor.<init>(DriverCommandExecutor.java:50)
	at org.openqa.selenium.edge.EdgeDriver.toExecutor(EdgeDriver.java:141)
	at org.openqa.selenium.edge.EdgeDriver.<init>(EdgeDriver.java:120)
	at org.openqa.selenium.edge.EdgeDriver.<init>(EdgeDriver.java:117)
	at config.WebDriverFactory.edgeD(WebDriverFactory.java:196)
	at config.WebDriverFactory.createWebDriver(WebDriverFactory.java:44)
	at pages.utils.SeleniumDriver.<init>(SeleniumDriver.java:55)
	at pages.utils.SeleniumDriver.setUpDriver(SeleniumDriver.java:77)
	at steps.BeforeActions.SetUp(BeforeActions.java:18)
	at java.base/jdk.internal.reflect.NativeMethodAccessorImpl.invoke0(Native Method)
	at java.base/jdk.internal.reflect.NativeMethodAccessorImpl.invoke(NativeMethodAccessorImpl.java:77)
	at java.base/jdk.internal.reflect.DelegatingMethodAccessorImpl.invoke(DelegatingMethodAccessorImpl.java:43)
	at java.base/java.lang.reflect.Method.invoke(Method.java:568)
	at io.cucumber.java.Invoker.invoke(Invoker.java:27)
	at io.cucumber.java.JavaHookDefinition.execute(JavaHookDefinition.java:61)
	at io.cucumber.core.runner.CoreHookDefinition.execute(CoreHookDefinition.java:31)
	at io.cucumber.core.runner.HookDefinitionMatch.runStep(HookDefinitionMatch.java:20)
	at io.cucumber.core.runner.TestStep.executeStep(TestStep.java:64)
	at io.cucumber.core.runner.TestStep.run(TestStep.java:49)
	at io.cucumber.core.runner.TestCase.run(TestCase.java:47)
	at io.cucumber.core.runner.Runner.runPickle(Runner.java:67)
	at io.cucumber.junit.PickleRunners$NoStepDescriptions.run(PickleRunners.java:149)
	at io.cucumber.junit.FeatureRunner.runChild(FeatureRunner.java:83)
	at io.cucumber.junit.FeatureRunner.runChild(FeatureRunner.java:24)
	at org.junit.runners.ParentRunner$3.run(ParentRunner.java:290)
	at org.junit.runners.ParentRunner$1.schedule(ParentRunner.java:71)
	at org.junit.runners.ParentRunner.runChildren(ParentRunner.java:288)
	at org.junit.runners.ParentRunner.access$000(ParentRunner.java:58)
	at org.junit.runners.ParentRunner$2.evaluate(ParentRunner.java:268)
	at org.junit.runners.ParentRunner.run(ParentRunner.java:363)
	at io.cucumber.junit.Cucumber.runChild(Cucumber.java:185)
	at io.cucumber.junit.Cucumber.runChild(Cucumber.java:83)
	at org.junit.runners.ParentRunner$3.run(ParentRunner.java:290)
	at org.junit.runners.ParentRunner$1.schedule(ParentRunner.java:71)
	at org.junit.runners.ParentRunner.runChildren(ParentRunner.java:288)
	at org.junit.runners.ParentRunner.access$000(ParentRunner.java:58)
	at org.junit.runners.ParentRunner$2.evaluate(ParentRunner.java:268)
	at io.cucumber.junit.Cucumber$RunCucumber.evaluate(Cucumber.java:219)
	at org.junit.runners.ParentRunner.run(ParentRunner.java:363)
	at org.apache.maven.surefire.junit4.JUnit4Provider.execute(JUnit4Provider.java:365)
	at org.apache.maven.surefire.junit4.JUnit4Provider.executeWithRerun(JUnit4Provider.java:273)
	at org.apache.maven.surefire.junit4.JUnit4Provider.executeTestSet(JUnit4Provider.java:238)
	at org.apache.maven.surefire.junit4.JUnit4Provider.invoke(JUnit4Provider.java:159)
	at org.apache.maven.surefire.booter.ForkedBooter.invokeProviderInSameClassLoader(ForkedBooter.java:384)
	at org.apache.maven.surefire.booter.ForkedBooter.runSuitesInProcess(ForkedBooter.java:345)
	at org.apache.maven.surefire.booter.ForkedBooter.execute(ForkedBooter.java:126)
	at org.apache.maven.surefire.booter.ForkedBooter.main(ForkedBooter.java:418)
17:59:19.887 [main] DEBUG io.netty.util.internal.PlatformDependent0 - java.nio.Bits.unaligned: available, true
17:59:19.889 [main] DEBUG io.netty.util.internal.PlatformDependent0 - jdk.internal.misc.Unsafe.allocateUninitializedArray(int): unavailable
java.lang.IllegalAccessException: class io.netty.util.internal.PlatformDependent0$6 cannot access class jdk.internal.misc.Unsafe (in module java.base) because module java.base does not export jdk.internal.misc to unnamed module @6a41eaa2
	at java.base/jdk.internal.reflect.Reflection.newIllegalAccessException(Reflection.java:392)
	at java.base/java.lang.reflect.AccessibleObject.checkAccess(AccessibleObject.java:674)
	at java.base/java.lang.reflect.Method.invoke(Method.java:560)
	at io.netty.util.internal.PlatformDependent0$6.run(PlatformDependent0.java:334)
	at java.base/java.security.AccessController.doPrivileged(AccessController.java:318)
	at io.netty.util.internal.PlatformDependent0.<clinit>(PlatformDependent0.java:325)
	at io.netty.util.internal.PlatformDependent.isAndroid(PlatformDependent.java:212)
	at io.netty.util.internal.PlatformDependent.<clinit>(PlatformDependent.java:80)
	at io.netty.util.ResourceLeakDetector.<init>(ResourceLeakDetector.java:162)
	at io.netty.util.ResourceLeakDetector.<init>(ResourceLeakDetector.java:207)
	at io.netty.util.ResourceLeakDetectorFactory$DefaultResourceLeakDetectorFactory.newResourceLeakDetector(ResourceLeakDetectorFactory.java:201)
	at io.netty.util.HashedWheelTimer.<clinit>(HashedWheelTimer.java:88)
	at org.asynchttpclient.DefaultAsyncHttpClient.newNettyTimer(DefaultAsyncHttpClient.java:97)
	at org.asynchttpclient.DefaultAsyncHttpClient.<init>(DefaultAsyncHttpClient.java:87)
	at org.asynchttpclient.DefaultAsyncHttpClient.<init>(DefaultAsyncHttpClient.java:71)
	at org.asynchttpclient.Dsl.asyncHttpClient(Dsl.java:28)
	at org.openqa.selenium.remote.http.netty.CreateNettyClient.apply(CreateNettyClient.java:34)
	at org.openqa.selenium.remote.http.netty.NettyHttpHandler.<init>(NettyHttpHandler.java:39)
	at org.openqa.selenium.remote.http.netty.NettyClient$Factory.createClient(NettyClient.java:68)
	at org.openqa.selenium.remote.http.HttpClient$Factory.createClient(HttpClient.java:71)
	at org.openqa.selenium.remote.HttpCommandExecutor.<init>(HttpCommandExecutor.java:90)
	at org.openqa.selenium.remote.HttpCommandExecutor.<init>(HttpCommandExecutor.java:73)
	at org.openqa.selenium.remote.HttpCommandExecutor.<init>(HttpCommandExecutor.java:60)
	at org.openqa.selenium.remote.service.DriverCommandExecutor.<init>(DriverCommandExecutor.java:50)
	at org.openqa.selenium.edge.EdgeDriver.toExecutor(EdgeDriver.java:141)
	at org.openqa.selenium.edge.EdgeDriver.<init>(EdgeDriver.java:120)
	at org.openqa.selenium.edge.EdgeDriver.<init>(EdgeDriver.java:117)
	at config.WebDriverFactory.edgeD(WebDriverFactory.java:196)
	at config.WebDriverFactory.createWebDriver(WebDriverFactory.java:44)
	at pages.utils.SeleniumDriver.<init>(SeleniumDriver.java:55)
	at pages.utils.SeleniumDriver.setUpDriver(SeleniumDriver.java:77)
	at steps.BeforeActions.SetUp(BeforeActions.java:18)
	at java.base/jdk.internal.reflect.NativeMethodAccessorImpl.invoke0(Native Method)
	at java.base/jdk.internal.reflect.NativeMethodAccessorImpl.invoke(NativeMethodAccessorImpl.java:77)
	at java.base/jdk.internal.reflect.DelegatingMethodAccessorImpl.invoke(DelegatingMethodAccessorImpl.java:43)
	at java.base/java.lang.reflect.Method.invoke(Method.java:568)
	at io.cucumber.java.Invoker.invoke(Invoker.java:27)
	at io.cucumber.java.JavaHookDefinition.execute(JavaHookDefinition.java:61)
	at io.cucumber.core.runner.CoreHookDefinition.execute(CoreHookDefinition.java:31)
	at io.cucumber.core.runner.HookDefinitionMatch.runStep(HookDefinitionMatch.java:20)
	at io.cucumber.core.runner.TestStep.executeStep(TestStep.java:64)
	at io.cucumber.core.runner.TestStep.run(TestStep.java:49)
	at io.cucumber.core.runner.TestCase.run(TestCase.java:47)
	at io.cucumber.core.runner.Runner.runPickle(Runner.java:67)
	at io.cucumber.junit.PickleRunners$NoStepDescriptions.run(PickleRunners.java:149)
	at io.cucumber.junit.FeatureRunner.runChild(FeatureRunner.java:83)
	at io.cucumber.junit.FeatureRunner.runChild(FeatureRunner.java:24)
	at org.junit.runners.ParentRunner$3.run(ParentRunner.java:290)
	at org.junit.runners.ParentRunner$1.schedule(ParentRunner.java:71)
	at org.junit.runners.ParentRunner.runChildren(ParentRunner.java:288)
	at org.junit.runners.ParentRunner.access$000(ParentRunner.java:58)
	at org.junit.runners.ParentRunner$2.evaluate(ParentRunner.java:268)
	at org.junit.runners.ParentRunner.run(ParentRunner.java:363)
	at io.cucumber.junit.Cucumber.runChild(Cucumber.java:185)
	at io.cucumber.junit.Cucumber.runChild(Cucumber.java:83)
	at org.junit.runners.ParentRunner$3.run(ParentRunner.java:290)
	at org.junit.runners.ParentRunner$1.schedule(ParentRunner.java:71)
	at org.junit.runners.ParentRunner.runChildren(ParentRunner.java:288)
	at org.junit.runners.ParentRunner.access$000(ParentRunner.java:58)
	at org.junit.runners.ParentRunner$2.evaluate(ParentRunner.java:268)
	at io.cucumber.junit.Cucumber$RunCucumber.evaluate(Cucumber.java:219)
	at org.junit.runners.ParentRunner.run(ParentRunner.java:363)
	at org.apache.maven.surefire.junit4.JUnit4Provider.execute(JUnit4Provider.java:365)
	at org.apache.maven.surefire.junit4.JUnit4Provider.executeWithRerun(JUnit4Provider.java:273)
	at org.apache.maven.surefire.junit4.JUnit4Provider.executeTestSet(JUnit4Provider.java:238)
	at org.apache.maven.surefire.junit4.JUnit4Provider.invoke(JUnit4Provider.java:159)
	at org.apache.maven.surefire.booter.ForkedBooter.invokeProviderInSameClassLoader(ForkedBooter.java:384)
	at org.apache.maven.surefire.booter.ForkedBooter.runSuitesInProcess(ForkedBooter.java:345)
	at org.apache.maven.surefire.booter.ForkedBooter.execute(ForkedBooter.java:126)
	at org.apache.maven.surefire.booter.ForkedBooter.main(ForkedBooter.java:418)
17:59:19.890 [main] DEBUG io.netty.util.internal.PlatformDependent0 - java.nio.DirectByteBuffer.<init>(long, int): unavailable
17:59:19.890 [main] DEBUG io.netty.util.internal.PlatformDependent - sun.misc.Unsafe: available
17:59:19.892 [main] DEBUG io.netty.util.internal.PlatformDependent - maxDirectMemory: 4271898624 bytes (maybe)
17:59:19.893 [main] DEBUG io.netty.util.internal.PlatformDependent - -Dio.netty.tmpdir: C:\Users\JUANSA~1\AppData\Local\Temp (java.io.tmpdir)
17:59:19.893 [main] DEBUG io.netty.util.internal.PlatformDependent - -Dio.netty.bitMode: 64 (sun.arch.data.model)
17:59:19.895 [main] DEBUG io.netty.util.internal.PlatformDependent - -Dio.netty.maxDirectMemory: -1 bytes
17:59:19.895 [main] DEBUG io.netty.util.internal.PlatformDependent - -Dio.netty.uninitializedArrayAllocationThreshold: -1
17:59:19.897 [main] DEBUG io.netty.util.internal.CleanerJava9 - java.nio.ByteBuffer.cleaner(): available
17:59:19.897 [main] DEBUG io.netty.util.internal.PlatformDependent - -Dio.netty.noPreferDirect: false
17:59:19.897 [main] DEBUG io.netty.util.ResourceLeakDetectorFactory - Loaded default ResourceLeakDetector: io.netty.util.ResourceLeakDetector@108531c2
17:59:19.906 [main] DEBUG io.netty.util.internal.PlatformDependent - org.jctools-core.MpscChunkedArrayQueue: available
17:59:19.963 [main] DEBUG io.netty.handler.ssl.JdkSslContext - Default protocols (JDK): [TLSv1.2, TLSv1.1, TLSv1] 
17:59:19.963 [main] DEBUG io.netty.handler.ssl.JdkSslContext - Default cipher suites (JDK): [TLS_ECDHE_ECDSA_WITH_AES_256_GCM_SHA384, TLS_ECDHE_ECDSA_WITH_AES_128_GCM_SHA256, TLS_ECDHE_RSA_WITH_AES_128_GCM_SHA256, TLS_ECDHE_RSA_WITH_AES_128_CBC_SHA, TLS_ECDHE_RSA_WITH_AES_256_CBC_SHA, TLS_RSA_WITH_AES_128_GCM_SHA256, TLS_RSA_WITH_AES_128_CBC_SHA, TLS_RSA_WITH_AES_256_CBC_SHA, TLS_AES_128_GCM_SHA256, TLS_AES_256_GCM_SHA384]
17:59:19.986 [main] DEBUG io.netty.channel.MultithreadEventLoopGroup - -Dio.netty.eventLoopThreads: 24
17:59:19.996 [main] DEBUG io.netty.channel.nio.NioEventLoop - -Dio.netty.noKeySetOptimization: false
17:59:19.996 [main] DEBUG io.netty.channel.nio.NioEventLoop - -Dio.netty.selectorAutoRebuildThreshold: 512
17:59:20.066 [main] DEBUG io.netty.util.internal.InternalThreadLocalMap - -Dio.netty.threadLocalMap.stringBuilder.initialSize: 1024
17:59:20.066 [main] DEBUG io.netty.util.internal.InternalThreadLocalMap - -Dio.netty.threadLocalMap.stringBuilder.maxSize: 4096
17:59:20.077 [main] DEBUG io.netty.buffer.PooledByteBufAllocator - -Dio.netty.allocator.numHeapArenas: 24
17:59:20.077 [main] DEBUG io.netty.buffer.PooledByteBufAllocator - -Dio.netty.allocator.numDirectArenas: 24
17:59:20.077 [main] DEBUG io.netty.buffer.PooledByteBufAllocator - -Dio.netty.allocator.pageSize: 8192
17:59:20.077 [main] DEBUG io.netty.buffer.PooledByteBufAllocator - -Dio.netty.allocator.maxOrder: 11
17:59:20.077 [main] DEBUG io.netty.buffer.PooledByteBufAllocator - -Dio.netty.allocator.chunkSize: 16777216
17:59:20.077 [main] DEBUG io.netty.buffer.PooledByteBufAllocator - -Dio.netty.allocator.tinyCacheSize: 512
17:59:20.077 [main] DEBUG io.netty.buffer.PooledByteBufAllocator - -Dio.netty.allocator.smallCacheSize: 256
17:59:20.077 [main] DEBUG io.netty.buffer.PooledByteBufAllocator - -Dio.netty.allocator.normalCacheSize: 64
17:59:20.077 [main] DEBUG io.netty.buffer.PooledByteBufAllocator - -Dio.netty.allocator.maxCachedBufferCapacity: 32768
17:59:20.077 [main] DEBUG io.netty.buffer.PooledByteBufAllocator - -Dio.netty.allocator.cacheTrimInterval: 8192
17:59:20.077 [main] DEBUG io.netty.buffer.PooledByteBufAllocator - -Dio.netty.allocator.useCacheForAllThreads: true
17:59:20.095 [main] DEBUG io.netty.buffer.ByteBufUtil - -Dio.netty.allocator.type: pooled
17:59:20.096 [main] DEBUG io.netty.buffer.ByteBufUtil - -Dio.netty.threadLocalDirectBufferSize: 0
17:59:20.096 [main] DEBUG io.netty.buffer.ByteBufUtil - -Dio.netty.maxThreadLocalCharBufferSize: 16384
17:59:22.153 [Forwarding newSession on session null to remote] DEBUG io.netty.channel.DefaultChannelId - -Dio.netty.processId: 21856 (auto-detected)
17:59:22.155 [Forwarding newSession on session null to remote] DEBUG io.netty.util.NetUtil - -Djava.net.preferIPv4Stack: false
17:59:22.155 [Forwarding newSession on session null to remote] DEBUG io.netty.util.NetUtil - -Djava.net.preferIPv6Addresses: false
17:59:22.161 [Forwarding newSession on session null to remote] DEBUG io.netty.util.NetUtil - Loopback interface: lo (Software Loopback Interface 1, 127.0.0.1)
17:59:22.162 [Forwarding newSession on session null to remote] DEBUG io.netty.util.NetUtil - Failed to get SOMAXCONN from sysctl and file \proc\sys\net\core\somaxconn. Default: 200
17:59:22.181 [Forwarding newSession on session null to remote] DEBUG io.netty.channel.DefaultChannelId - -Dio.netty.machineId: 50:2b:73:ff:fe:e5:21:b0 (auto-detected)
17:59:22.221 [AsyncHttpClient-3-1] DEBUG io.netty.buffer.AbstractByteBuf - -Dio.netty.buffer.checkAccessible: true
17:59:22.221 [AsyncHttpClient-3-1] DEBUG io.netty.buffer.AbstractByteBuf - -Dio.netty.buffer.checkBounds: true
17:59:22.221 [AsyncHttpClient-3-1] DEBUG io.netty.util.ResourceLeakDetectorFactory - Loaded default ResourceLeakDetector: io.netty.util.ResourceLeakDetector@24ad2275
17:59:22.233 [AsyncHttpClient-3-1] DEBUG org.asynchttpclient.netty.channel.NettyConnectListener - Using new Channel '[id: 0x1d1622ac, L:/127.0.0.1:57810 - R:localhost/127.0.0.1:18552]' for 'POST' to '/session'
17:59:22.252 [AsyncHttpClient-3-1] DEBUG io.netty.util.Recycler - -Dio.netty.recycler.maxCapacityPerThread: 4096
17:59:22.252 [AsyncHttpClient-3-1] DEBUG io.netty.util.Recycler - -Dio.netty.recycler.maxSharedCapacityFactor: 2
17:59:22.252 [AsyncHttpClient-3-1] DEBUG io.netty.util.Recycler - -Dio.netty.recycler.linkCapacity: 16
17:59:22.252 [AsyncHttpClient-3-1] DEBUG io.netty.util.Recycler - -Dio.netty.recycler.ratio: 8
17:59:22.801 [AsyncHttpClient-3-1] DEBUG org.asynchttpclient.netty.handler.HttpHandler - 

Request DefaultHttpRequest(decodeResult: success, version: HTTP/1.1)
POST /session HTTP/1.1
User-Agent: selenium/4.0.0-alpha-4 (java windows)
Content-Length: 371
Content-Type: application/json; charset=utf-8
host: localhost:18552
accept: */*

Response DefaultHttpResponse(decodeResult: success, version: HTTP/1.1)
HTTP/1.1 200 OK
Content-Length: 849
Content-Type: application/json; charset=utf-8
cache-control: no-cache

17:59:22.807 [AsyncHttpClient-3-1] DEBUG org.asynchttpclient.netty.channel.ChannelManager - Adding key: http://localhost:18552 for channel [id: 0x1d1622ac, L:/127.0.0.1:57810 - R:localhost/127.0.0.1:18552]
17:59:22.930 [AsyncHttpClient-7-1] DEBUG org.asynchttpclient.netty.channel.NettyConnectListener - Using new Channel '[id: 0x7547d2c7, L:/127.0.0.1:57819 - R:localhost/127.0.0.1:57811]' for 'GET' to '/json/version'
17:59:22.938 [AsyncHttpClient-7-1] DEBUG org.asynchttpclient.netty.handler.HttpHandler - 

Request DefaultFullHttpRequest(decodeResult: success, version: HTTP/1.1, content: EmptyByteBufBE)
GET /json/version HTTP/1.1
User-Agent: selenium/4.0.0-alpha-4 (java windows)
host: localhost:57811
accept: */*

Response DefaultHttpResponse(decodeResult: success, version: HTTP/1.1)
HTTP/1.1 200 OK
Content-Security-Policy: frame-ancestors 'none'
Content-Length: 437
Content-Type: application/json; charset=UTF-8

17:59:22.938 [AsyncHttpClient-7-1] DEBUG org.asynchttpclient.netty.channel.ChannelManager - Adding key: http://localhost:57811 for channel [id: 0x7547d2c7, L:/127.0.0.1:57819 - R:localhost/127.0.0.1:57811]
17:59:22.948 [main] DEBUG io.netty.util.internal.ThreadLocalRandom - -Dio.netty.initialSeedUniquifier: 0x36dab7c527d87f3f
17:59:22.951 [AsyncHttpClient-9-1] DEBUG org.asynchttpclient.netty.channel.NettyConnectListener - Using new Channel '[id: 0x0495477c, L:/127.0.0.1:57820 - R:localhost/127.0.0.1:57811]' for 'GET' to '/devtools/browser/d8f4400e-070f-4a3d-b28d-3104c1d39832'
17:59:22.959 [AsyncHttpClient-9-1] DEBUG org.asynchttpclient.netty.handler.WebSocketHandler - 

Request DefaultFullHttpRequest(decodeResult: success, version: HTTP/1.1, content: EmptyByteBufBE)
GET /devtools/browser/d8f4400e-070f-4a3d-b28d-3104c1d39832 HTTP/1.1
upgrade: websocket
connection: upgrade
sec-websocket-key: l5wGntcXeQJmQEG3ZEirtw==
sec-websocket-version: 13
origin: http://localhost:57811
host: localhost:57811
accept: */*
user-agent: AHC/2.1

Response DefaultHttpResponse(decodeResult: success, version: HTTP/1.1)
HTTP/1.1 403 Forbidden
Content-Length: 241
Content-Type: text/html

17:59:22.960 [AsyncHttpClient-9-1] DEBUG org.asynchttpclient.netty.channel.ChannelManager - Closing Channel [id: 0x0495477c, L:/127.0.0.1:57820 - R:localhost/127.0.0.1:57811] 
17:59:22.961 [AsyncHttpClient-9-1] DEBUG org.asynchttpclient.netty.handler.WebSocketHandler - Channel Closed: [id: 0x0495477c, L:/127.0.0.1:57820 ! R:localhost/127.0.0.1:57811] with attribute DISCARD
17:59:22.965 [Forwarding maximizeCurrentWindow on session 8e18a09ffa100d19e8f5a64dc02471ec to remote] DEBUG org.asynchttpclient.netty.request.NettyRequestSender - Using pooled Channel '[id: 0x1d1622ac, L:/127.0.0.1:57810 - R:localhost/127.0.0.1:18552]' for 'POST' to 'http://localhost:18552/session/8e18a09ffa100d19e8f5a64dc02471ec/window/maximize'
17:59:22.965 [Forwarding maximizeCurrentWindow on session 8e18a09ffa100d19e8f5a64dc02471ec to remote] DEBUG org.asynchttpclient.netty.request.NettyRequestSender - Using open Channel [id: 0x1d1622ac, L:/127.0.0.1:57810 - R:localhost/127.0.0.1:18552] for POST '/session/8e18a09ffa100d19e8f5a64dc02471ec/window/maximize'
17:59:23.100 [AsyncHttpClient-3-1] DEBUG org.asynchttpclient.netty.handler.HttpHandler - 

Request DefaultHttpRequest(decodeResult: success, version: HTTP/1.1)
POST /session/8e18a09ffa100d19e8f5a64dc02471ec/window/maximize HTTP/1.1
User-Agent: selenium/4.0.0-alpha-4 (java windows)
Content-Length: 3
Content-Type: application/json; charset=utf-8
host: localhost:18552
accept: */*

Response DefaultHttpResponse(decodeResult: success, version: HTTP/1.1)
HTTP/1.1 200 OK
Content-Length: 52
Content-Type: application/json; charset=utf-8
cache-control: no-cache

17:59:23.100 [AsyncHttpClient-3-1] DEBUG org.asynchttpclient.netty.channel.ChannelManager - Adding key: http://localhost:18552 for channel [id: 0x1d1622ac, L:/127.0.0.1:57810 - R:localhost/127.0.0.1:18552]
17:59:23.106 [Forwarding setTimeout on session 8e18a09ffa100d19e8f5a64dc02471ec to remote] DEBUG org.asynchttpclient.netty.request.NettyRequestSender - Using pooled Channel '[id: 0x1d1622ac, L:/127.0.0.1:57810 - R:localhost/127.0.0.1:18552]' for 'POST' to 'http://localhost:18552/session/8e18a09ffa100d19e8f5a64dc02471ec/timeouts'
17:59:23.106 [Forwarding setTimeout on session 8e18a09ffa100d19e8f5a64dc02471ec to remote] DEBUG org.asynchttpclient.netty.request.NettyRequestSender - Using open Channel [id: 0x1d1622ac, L:/127.0.0.1:57810 - R:localhost/127.0.0.1:18552] for POST '/session/8e18a09ffa100d19e8f5a64dc02471ec/timeouts'
17:59:23.107 [AsyncHttpClient-3-1] DEBUG org.asynchttpclient.netty.handler.HttpHandler - 

Request DefaultHttpRequest(decodeResult: success, version: HTTP/1.1)
POST /session/8e18a09ffa100d19e8f5a64dc02471ec/timeouts HTTP/1.1
User-Agent: selenium/4.0.0-alpha-4 (java windows)
Content-Length: 23
Content-Type: application/json; charset=utf-8
host: localhost:18552
accept: */*

Response DefaultHttpResponse(decodeResult: success, version: HTTP/1.1)
HTTP/1.1 200 OK
Content-Length: 14
Content-Type: application/json; charset=utf-8
cache-control: no-cache

17:59:23.107 [AsyncHttpClient-3-1] DEBUG org.asynchttpclient.netty.channel.ChannelManager - Adding key: http://localhost:18552 for channel [id: 0x1d1622ac, L:/127.0.0.1:57810 - R:localhost/127.0.0.1:18552]
17:59:23.110 [Forwarding setTimeout on session 8e18a09ffa100d19e8f5a64dc02471ec to remote] DEBUG org.asynchttpclient.netty.request.NettyRequestSender - Using pooled Channel '[id: 0x1d1622ac, L:/127.0.0.1:57810 - R:localhost/127.0.0.1:18552]' for 'POST' to 'http://localhost:18552/session/8e18a09ffa100d19e8f5a64dc02471ec/timeouts'
17:59:23.110 [Forwarding setTimeout on session 8e18a09ffa100d19e8f5a64dc02471ec to remote] DEBUG org.asynchttpclient.netty.request.NettyRequestSender - Using open Channel [id: 0x1d1622ac, L:/127.0.0.1:57810 - R:localhost/127.0.0.1:18552] for POST '/session/8e18a09ffa100d19e8f5a64dc02471ec/timeouts'
17:59:23.111 [AsyncHttpClient-3-1] DEBUG org.asynchttpclient.netty.handler.HttpHandler - 

Request DefaultHttpRequest(decodeResult: success, version: HTTP/1.1)
POST /session/8e18a09ffa100d19e8f5a64dc02471ec/timeouts HTTP/1.1
User-Agent: selenium/4.0.0-alpha-4 (java windows)
Content-Length: 23
Content-Type: application/json; charset=utf-8
host: localhost:18552
accept: */*

Response DefaultHttpResponse(decodeResult: success, version: HTTP/1.1)
HTTP/1.1 200 OK
Content-Length: 14
Content-Type: application/json; charset=utf-8
cache-control: no-cache

17:59:23.111 [AsyncHttpClient-3-1] DEBUG org.asynchttpclient.netty.channel.ChannelManager - Adding key: http://localhost:18552 for channel [id: 0x1d1622ac, L:/127.0.0.1:57810 - R:localhost/127.0.0.1:18552]
17:59:23.113 [Forwarding getCurrentWindowHandle on session 8e18a09ffa100d19e8f5a64dc02471ec to remote] DEBUG org.asynchttpclient.netty.request.NettyRequestSender - Using pooled Channel '[id: 0x1d1622ac, L:/127.0.0.1:57810 - R:localhost/127.0.0.1:18552]' for 'GET' to 'http://localhost:18552/session/8e18a09ffa100d19e8f5a64dc02471ec/window'
17:59:23.113 [Forwarding getCurrentWindowHandle on session 8e18a09ffa100d19e8f5a64dc02471ec to remote] DEBUG org.asynchttpclient.netty.request.NettyRequestSender - Using open Channel [id: 0x1d1622ac, L:/127.0.0.1:57810 - R:localhost/127.0.0.1:18552] for GET '/session/8e18a09ffa100d19e8f5a64dc02471ec/window'
17:59:23.114 [AsyncHttpClient-3-1] DEBUG org.asynchttpclient.netty.handler.HttpHandler - 

Request DefaultFullHttpRequest(decodeResult: success, version: HTTP/1.1, content: EmptyByteBufBE)
GET /session/8e18a09ffa100d19e8f5a64dc02471ec/window HTTP/1.1
User-Agent: selenium/4.0.0-alpha-4 (java windows)
Cache-Control: no-cache
host: localhost:18552
accept: */*

Response DefaultHttpResponse(decodeResult: success, version: HTTP/1.1)
HTTP/1.1 200 OK
Content-Length: 44
Content-Type: application/json; charset=utf-8
cache-control: no-cache

17:59:23.115 [AsyncHttpClient-3-1] DEBUG org.asynchttpclient.netty.channel.ChannelManager - Adding key: http://localhost:18552 for channel [id: 0x1d1622ac, L:/127.0.0.1:57810 - R:localhost/127.0.0.1:18552]
Window ->DDA6AD22800A80A6E1CFF84EA6529C78
17:59:23.211 [AsyncHttpClient-timer-1-1] DEBUG org.asynchttpclient.netty.channel.DefaultChannelPool - Entry count for : http://localhost:18552 : 1
https://www.clarodrive.com/
EdgeDriver: msedge on WINDOWS (8e18a09ffa100d19e8f5a64dc02471ec)
17:59:23.860 [Forwarding get on session 8e18a09ffa100d19e8f5a64dc02471ec to remote] DEBUG org.asynchttpclient.netty.request.NettyRequestSender - Using pooled Channel '[id: 0x1d1622ac, L:/127.0.0.1:57810 - R:localhost/127.0.0.1:18552]' for 'POST' to 'http://localhost:18552/session/8e18a09ffa100d19e8f5a64dc02471ec/url'
17:59:23.861 [Forwarding get on session 8e18a09ffa100d19e8f5a64dc02471ec to remote] DEBUG org.asynchttpclient.netty.request.NettyRequestSender - Using open Channel [id: 0x1d1622ac, L:/127.0.0.1:57810 - R:localhost/127.0.0.1:18552] for POST '/session/8e18a09ffa100d19e8f5a64dc02471ec/url'
17:59:23.948 [AsyncHttpClient-timer-6-1] DEBUG org.asynchttpclient.netty.channel.DefaultChannelPool - Entry count for : http://localhost:57811 : 1
17:59:24.581 [AsyncHttpClient-3-1] DEBUG org.asynchttpclient.netty.handler.HttpHandler - 

Request DefaultHttpRequest(decodeResult: success, version: HTTP/1.1)
POST /session/8e18a09ffa100d19e8f5a64dc02471ec/url HTTP/1.1
User-Agent: selenium/4.0.0-alpha-4 (java windows)
Content-Length: 57
Content-Type: application/json; charset=utf-8
host: localhost:18552
accept: */*

Response DefaultHttpResponse(decodeResult: success, version: HTTP/1.1)
HTTP/1.1 200 OK
Content-Length: 14
Content-Type: application/json; charset=utf-8
cache-control: no-cache

17:59:24.581 [AsyncHttpClient-3-1] DEBUG org.asynchttpclient.netty.channel.ChannelManager - Adding key: http://localhost:18552 for channel [id: 0x1d1622ac, L:/127.0.0.1:57810 - R:localhost/127.0.0.1:18552]
17:59:25.052 [AsyncHttpClient-timer-6-1] DEBUG org.asynchttpclient.netty.channel.DefaultChannelPool - Entry count for : http://localhost:57811 : 1
17:59:25.411 [AsyncHttpClient-timer-1-1] DEBUG org.asynchttpclient.netty.channel.DefaultChannelPool - Entry count for : http://localhost:18552 : 1
17:59:26.154 [AsyncHttpClient-timer-6-1] DEBUG org.asynchttpclient.netty.channel.DefaultChannelPool - Entry count for : http://localhost:57811 : 1
17:59:26.512 [AsyncHttpClient-timer-1-1] DEBUG org.asynchttpclient.netty.channel.DefaultChannelPool - Entry count for : http://localhost:18552 : 1
17:59:27.258 [AsyncHttpClient-timer-6-1] DEBUG org.asynchttpclient.netty.channel.DefaultChannelPool - Entry count for : http://localhost:57811 : 1
17:59:27.613 [AsyncHttpClient-timer-1-1] DEBUG org.asynchttpclient.netty.channel.DefaultChannelPool - Entry count for : http://localhost:18552 : 1
17:59:28.348 [AsyncHttpClient-timer-6-1] DEBUG org.asynchttpclient.netty.channel.DefaultChannelPool - Entry count for : http://localhost:57811 : 1
  Given Navigate in Claro Drive # steps.LandingSteps.navigateInClaroDrive()
17:59:28.586 [Forwarding screenshot on session 8e18a09ffa100d19e8f5a64dc02471ec to remote] DEBUG org.asynchttpclient.netty.request.NettyRequestSender - Using pooled Channel '[id: 0x1d1622ac, L:/127.0.0.1:57810 - R:localhost/127.0.0.1:18552]' for 'GET' to 'http://localhost:18552/session/8e18a09ffa100d19e8f5a64dc02471ec/screenshot'
17:59:28.587 [Forwarding screenshot on session 8e18a09ffa100d19e8f5a64dc02471ec to remote] DEBUG org.asynchttpclient.netty.request.NettyRequestSender - Using open Channel [id: 0x1d1622ac, L:/127.0.0.1:57810 - R:localhost/127.0.0.1:18552] for GET '/session/8e18a09ffa100d19e8f5a64dc02471ec/screenshot'
17:59:29.363 [AsyncHttpClient-3-1] DEBUG org.asynchttpclient.netty.handler.HttpHandler - 

Request DefaultFullHttpRequest(decodeResult: success, version: HTTP/1.1, content: EmptyByteBufBE)
GET /session/8e18a09ffa100d19e8f5a64dc02471ec/screenshot HTTP/1.1
User-Agent: selenium/4.0.0-alpha-4 (java windows)
Cache-Control: no-cache
host: localhost:18552
accept: */*

Response DefaultHttpResponse(decodeResult: success, version: HTTP/1.1)
HTTP/1.1 200 OK
Content-Length: 1707620
Content-Type: application/json; charset=utf-8
cache-control: no-cache

17:59:29.372 [AsyncHttpClient-3-1] DEBUG org.asynchttpclient.netty.channel.ChannelManager - Adding key: http://localhost:18552 for channel [id: 0x1d1622ac, L:/127.0.0.1:57810 - R:localhost/127.0.0.1:18552]
17:59:29.448 [AsyncHttpClient-timer-6-1] DEBUG org.asynchttpclient.netty.channel.DefaultChannelPool - Entry count for : http://localhost:57811 : 1
APA: {"PR":{"toBeDisabled":false,"allowedFree":false,"paymentMethods":{"claronegocio":{"displayName":"Negocio","logo":"\/img\/partners\/mail","exclude":true,"gateway":"GATEWAYS:::claronegocio"},"default":{"multipleFreePlans":false,"plans":{"default":{"quotaUnity":"QUOTA_UNITIES:::gb","compoundPrice":"$${v} USD","currencySymbol":"$","planName":"NONE","currency":"USD","type":"NONE"},"25":{"smsKey":"Drive25","price":0,"isPopular":false},"1024":{"smsKey":"Drive1T","price":10.5,"isPopular":false},"150":{"smsKey":"Drive150","price":2,"isPopular":true},"75":{"smsKey":"Drive75","price":1,"isPopular":false}},"exclude":false},"claromovil":{"displayName":"Claro mÃ³vil","logo":"\/img\/partners\/claro-movil","gateway":"GATEWAYS:::smtgate"}},"name":"Puerto Rico","icon":"\/img\/PR_round.png","motorolaPromo":false,"microsites":{"claronegocio":{"paymentMethods":"COUNTRIES:::PR:::paymentMethods:::claronegocio","isActive":true}},"region":"puertorico","isActive":true,"providers":{"choose":["PROVIDERS:::claromovil","PROVIDERS:::email"],"login":[],"free":["PROVIDERS:::claromovil"],"register":["PROVIDERS:::claromovil"]}},"SV":{"toBeDisabled":false,"allowedFree":false,"paymentMethods":{"claronegocio":{"displayName":"Negocio","logo":"\/img\/partners\/mail","exclude":true,"gateway":"GATEWAYS:::claronegocio"},"default":{"multipleFreePlans":false,"plans":{"default":{"quotaUnity":"QUOTA_UNITIES:::gb","compoundPrice":"$${v} USD","currencySymbol":"$","planName":"NONE","currency":"USD","type":"NONE"},"25":{"smsKey":"Drive25","price":0,"isPopular":false},"1024":{"smsKey":"Drive1T","price":9.05,"isPopular":false},"150":{"smsKey":"Drive150","price":2,"isPopular":true},"75":{"smsKey":"Drive75","price":1.05,"isPopular":false}},"exclude":false},"claromovil":{"displayName":"Claro mÃ³vil","logo":"\/img\/partners\/claro-movil","gateway":"GATEWAYS:::smtgate"}},"name":"El Salvador","icon":"\/img\/SV_round.png","motorolaPromo":false,"microsites":{"claronegocio":{"paymentMethods":"COUNTRIES:::SV:::paymentMethods:::claronegocio","isActive":true}},"region":"elsalvador","isActive":true,"providers":{"choose":["PROVIDERS:::claromovil","PROVIDERS:::claronegocio","PROVIDERS:::email"],"login":[],"free":["PROVIDERS:::claromovil"],"register":["PROVIDERS:::claromovil"]}},"UY":{"toBeDisabled":false,"allowedFree":false,"paymentMethods":{"claronegocio":{"displayName":"Negocio","logo":"\/img\/partners\/mail","exclude":true,"gateway":"GATEWAYS:::claronegocio"},"default":{"multipleFreePlans":false,"plans":{"100":{"smsKey":"Drive100","price":50,"isPopular":true},"default":{"quotaUnity":"QUOTA_UNITIES:::gb","compoundPrice":"$U${v} UYU","currencySymbol":"$U","planName":"NONE","currency":"DOP","type":"NONE"},"25":{"smsKey":"Drive25","price":0,"isPopular":false},"300":{"smsKey":"Drive300","price":120,"isPopular":false},"50":{"smsKey":"Drive50","price":30,"isPopular":false}},"exclude":false},"claromovil":{"displayName":"Claro mÃ³vil","logo":"\/img\/partners\/claro-movil","gateway":"GATEWAYS:::smtgate"}},"name":"Uruguay","icon":"\/img\/UY_round.png","motorolaPromo":false,"microsites":{"claronegocio":{"paymentMethods":"COUNTRIES:::UY:::paymentMethods:::claronegocio","isActive":false}},"region":"uruguay","isActive":true,"providers":{"choose":["PROVIDERS:::claromovil","PROVIDERS:::email"],"login":[],"free":["PROVIDERS:::claromovil"],"register":["PROVIDERS:::claromovil"]}},"HN":{"toBeDisabled":false,"allowedFree":false,"paymentMethods":{"claronegocio":{"displayName":"Negocio","logo":"\/img\/partners\/mail","exclude":true,"gateway":"GATEWAYS:::claronegocio"},"default":{"multipleFreePlans":false,"plans":{"default":{"quotaUnity":"QUOTA_UNITIES:::gb","compoundPrice":"L${v} HNL","currencySymbol":"L","planName":"NONE","currency":"HNL","type":"NONE"},"25":{"smsKey":"Drive25","price":0,"isPopular":false},"1024":{"smsKey":"Drive1T","price":216.9,"isPopular":false},"150":{"smsKey":"Drive150","price":47.2,"isPopular":true},"75":{"smsKey":"Drive75","price":24.5,"isPopular":false}},"exclude":false},"claromovil":{"displayName":"Claro mÃ³vil","logo":"\/img\/partners\/claro-movil","gateway":"GATEWAYS:::smtgate"}},"name":"Honduras","icon":"\/img\/HN_round.png","motorolaPromo":false,"microsites":{"claronegocio":{"paymentMethods":"COUNTRIES:::HN:::paymentMethods:::claronegocio","isActive":true}},"region":"honduras","isActive":true,"providers":{"choose":["PROVIDERS:::claromovil","PROVIDERS:::claronegocio","PROVIDERS:::email"],"login":[],"free":["PROVIDERS:::claromovil"],"register":["PROVIDERS:::claromovil"]}},"CL":{"toBeDisabled":false,"allowedFree":false,"isActvie":true,"paymentMethods":{"claronegocio":{"displayName":"Negocio","logo":"\/img\/partners\/mail","exclude":true,"gateway":"GATEWAYS:::claronegocio"},"default":{"multipleFreePlans":false,"plans":{"default":{"quotaUnity":"QUOTA_UNITIES:::gb","compoundPrice":"$${v} CLP","currencySymbol":"$","planName":"NONE","currency":"CLP","type":"NONE"},"25":{"smskey":"Drive25","price":0,"isPopular":false},"1024":{"smsKey":"Drive1T","price":6490,"isPopular":false},"150":{"smsKey":"Drive150","price":1490,"isPopular":true},"75":{"smsKey":"Drive75","price":750,"isPopular":false}},"exclude":false},"claromovil":{"displayName":"Claro mÃ³vil","logo":"\/img\/partners\/claro-movil","gateway":"GATEWAYS:::smtgate"}},"name":"Chile","icon":"\/img\/CL_round.png","motorolaPromo":false,"microsites":{"claronegocio":{"paymentMethods":"COUNTRIES:::CL:::paymentMethods:::claronegocio","isActive":true}},"region":"chile","providers":{"choose":["PROVIDERS:::claromovil","PROVIDERS:::claronegocio","PROVIDERS:::email"],"login":[],"free":["PROVIDERS:::claromovil"],"register":["PROVIDERS:::claromovil"]}},"PY":{"toBeDisabled":false,"allowedFree":false,"paymentMethods":{"claronegocio":{"displayName":"Negocio","logo":"\/img\/partners\/mail","exclude":true,"gateway":"GATEWAYS:::claronegocio"},"default":{"multipleFreePlans":false,"plans":{"100":{"smsKey":"Drive100","price":5000,"isPopular":true},"default":{"quotaUnity":"QUOTA_UNITIES:::gb","compoundPrice":"Gs ${v}","currencySymbol":"Gs","planName":"NONE","currency":"PYG","type":"NONE"},"25":{"smsKey":"Drive25","price":0,"isPopular":false},"300":{"smsKey":"Drive300","price":10000,"isPopular":false},"50":{"smsKey":"Drive50","price":3000,"isPopular":false}},"exclude":false},"claromovil":{"displayName":"Claro mÃ³vil","logo":"\/img\/partners\/claro-movil","gateway":"GATEWAYS:::smtgate"}},"name":"Paraguay","icon":"\/img\/PY_round.png","motorolaPromo":false,"microsites":{"claronegocio":{"paymentMethods":"COUNTRIES:::UY:::paymentMethods:::claronegocio","isActive":false}},"region":"paraguay","isActive":true,"providers":{"choose":["PROVIDERS:::claromovil","PROVIDERS:::email"],"login":[],"free":["PROVIDERS:::claromovil"],"register":["PROVIDERS:::claromovil"]}},"MX":{"toBeDisabled":false,"allowedFree":true,"paymentMethods":{"telmex":{"displayName":"Telmex","logo":"\/img\/partners\/telmex","gateway":"GATEWAYS:::telmexmexicogate"},"claronegocio":{"displayName":"Negocio","logo":"\/img\/partners\/mail","exclude":true,"gateway":"GATEWAYS:::claronegocio"},"default":{"multipleFreePlans":false,"plans":{"100":{"smsKey":"Drive100","price":0,"isPopular":false},"200":{"smsKey":"Drive200","price":19,"isPopular":false},"default":{"quotaUnity":"QUOTA_UNITIES:::gb","compoundPrice":"$${v} MXN","currencySymbol":"$","planName":"NONE","currency":"MXN","type":"NONE"},"300":{"smsKey":"Drive300","price":36,"isPopular":true},"1024":{"smsKey":"Drive1T","price":169,"isPopular":false}},"exclude":false},"telcel":{"multipleFreePlans":true,"displayName":"Telcel","plans":{"100":{"smsKey":"Drive100","price":0,"isPopular":false,"planName":"TEXT_PGS_OFFERS_MEXICO_100_TELMEXMEXICO_SUSCRIPCION_100GB","type":"POSTPAID"},"200":{"smsKey":"Drive200","price":19,"isPopular":false},"default":{"quotaUnity":"QUOTA_UNITIES:::gb","compoundPrice":"$${v} MXN","currencySymbol":"$","planName":"NONE","currency":"MXN","type":"NONE"},"25":{"smsKey":"Drive100","price":0,"isPopular":false,"planName":"TEXT_PGS_OFFERS_MEXICO_25_TELMEXMEXICO_SUSCRIPCION_25GB","type":"PREPAID"},"300":{"smsKey":"Drive300","price":36,"isPopular":true},"1024":{"smsKey":"Drive1T","price":169,"isPopular":false}},"logo":"\/img\/partners\/telcel","gateway":"GATEWAYS:::smtgate"},"creditcard":{"displayName":"Tarjeta de crÃ©dito","plans":{"200":{"smsKey":"Drive200","price":19,"isPopular":false},"default":{"quotaUnity":"QUOTA_UNITIES:::gb","compoundPrice":"$${v} MXN","currencySymbol":"$","currency":"MXN"},"300":{"smsKey":"Drive300","price":36,"isPopular":true},"1024":{"smsKey":"Drive1T","price":169,"isPopular":false}},"logo":"\/img\/partners\/credit-card","gateway":"GATEWAYS:::claropagosgate"}},"name":"MÃ©xico","icon":"\/img\/MX_round.png","motorolaPromo":false,"microsites":{"claronegocio":{"paymentMethods":"COUNTRIES:::MX:::paymentMethods:::claronegocio","isActive":true}},"region":"mexico","isActive":true,"providers":{"choose":["PROVIDERS:::telcel","PROVIDERS:::telmex","PROVIDERS:::email","PROVIDERS:::claromusica","PROVIDERS:::clarovideo"],"login":["PROVIDERS:::claromusica","PROVIDERS:::clarovideo"],"free":["PROVIDERS:::telmex","PROVIDERS:::telcel"],"register":["PROVIDERS:::telmex","PROVIDERS:::telcel","PROVIDERS:::claromusica","PROVIDERS:::clarovideo","PROVIDERS:::email"]}},"DO":{"toBeDisabled":false,"allowedFree":false,"paymentMethods":{"claronegocio":{"displayName":"Negocio","logo":"\/img\/partners\/mail","exclude":true,"gateway":"GATEWAYS:::claronegocio"},"default":{"multipleFreePlans":false,"plans":{"default":{"quotaUnity":"QUOTA_UNITIES:::gb","compoundPrice":"RD$${v} DOP","currencySymbol":"$","planName":"NONE","currency":"DOP","type":"NONE"},"25":{"smsKey":"Drive25","price":0,"isPopular":false},"1024":{"smsKey":"Drive1T","price":450,"isPopular":false},"150":{"smsKey":"Drive150","price":115,"isPopular":true},"75":{"smsKey":"Drive75","price":50,"isPopular":false}},"exclude":false},"claromovil":{"displayName":"Claro mÃ³vil","logo":"\/img\/partners\/claro-movil","gateway":"GATEWAYS:::smtgate"}},"name":"RepÃºblica Dominicana","icon":"\/img\/DO_round.png","motorolaPromo":false,"microsites":{"claronegocio":{"paymentMethods":"COUNTRIES:::DO:::paymentMethods:::claronegocio","isActive":true}},"region":"dominicana","isActive":true,"providers":{"choose":["PROVIDERS:::claromovil","PROVIDERS:::email"],"login":[],"free":["PROVIDERS:::claromovil"],"register":["PROVIDERS:::claromovil"]}},"CO":{"toBeDisabled":false,"allowedFree":false,"paymentMethods":{"claronegocio":{"displayName":"Negocio","logo":"\/img\/partners\/mail","exclude":true,"gateway":"GATEWAYS:::claronegocio"},"default":{"multipleFreePlans":false,"plans":{"100":{"smsKey":"Drive100","price":0,"isPopular":false},"200":{"smsKey":"Drive200","price":3500,"isPopular":false},"default":{"quotaUnity":"QUOTA_UNITIES:::gb","compoundPrice":"$${v} COP","currencySymbol":"$","planName":"NONE","currency":"COP","type":"NONE"},"400":{"smsKey":"Drive400","price":6000,"isPopular":true},"2048":{"smsKey":"Drive2T","price":28000,"isPopular":false},"1024":{"smsKey":"Drive1T","price":17000,"isPopular":false}},"exclude":false},"fijaclaro":{"displayName":"Claro hogar","logo":"\/img\/partners\/claro-hogar","gateway":"GATEWAYS:::clarocolombiagate"},"claromovil":{"displayName":"Claro mÃ³vil","logo":"\/img\/partners\/claro-movil","gateway":"GATEWAYS:::smtgate"}},"name":"Colombia","icon":"\/img\/CO_round.png","motorolaPromo":false,"microsites":{"claronegocio":{"paymentMethods":"COUNTRIES:::CO:::paymentMethods:::claronegocio","isActive":true}},"region":"colombia","isActive":true,"providers":{"choose":["PROVIDERS:::claromovil","PROVIDERS:::fijaclaro","PROVIDERS:::email"],"login":[],"free":["PROVIDERS:::claromovil","PROVIDERS:::fijaclaro"],"register":["PROVIDERS:::claromovil","PROVIDERS:::fijaclaro"]}},"GT":{"toBeDisabled":false,"allowedFree":false,"paymentMethods":{"claronegocio":{"displayName":"Negocio","logo":"\/img\/partners\/mail","exclude":true,"gateway":"GATEWAYS:::claronegocio"},"default":{"multipleFreePlans":false,"plans":{"default":{"quotaUnity":"QUOTA_UNITIES:::gb","compoundPrice":"Q${v} GTQ","currencySymbol":"Q","planName":"NONE","currency":"GTQ","type":"NONE"},"25":{"smsKey":"Drive25","price":0,"isPopular":false},"1024":{"smsKey":"Drive1T","price":63.3,"isPopular":false},"150":{"smsKey":"Drive150","price":14.45,"isPopular":true},"75":{"smsKey":"Drive75","price":7.45,"isPopular":false}},"exclude":false},"claromovil":{"displayName":"Claro mÃ³vil","logo":"\/img\/partners\/claro-movil","gateway":"GATEWAYS:::smtgate"}},"name":"Guatemala","icon":"\/img\/GT_round.png","motorolaPromo":false,"microsites":{"claronegocio":{"paymentMethods":"COUNTRIES:::GT:::paymentMethods:::claronegocio","isActive":true}},"region":"guatemala","isActive":true,"providers":{"choose":["PROVIDERS:::claromovil","PROVIDERS:::claronegocio","PROVIDERS:::email"],"login":[],"free":["PROVIDERS:::claromovil"],"register":["PROVIDERS:::claromovil"]}},"CR":{"toBeDisabled":false,"allowedFree":false,"isActvie":true,"paymentMethods":{"claronegocio":{"displayName":"Negocio","logo":"\/img\/partners\/mail","exclude":true,"gateway":"GATEWAYS:::claronegocio"},"default":{"multipleFreePlans":false,"plans":{"default":{"quotaUnity":"QUOTA_UNITIES:::gb","compoundPrice":"&#8353;${v} CRC","currencySymbol":"&#8353;","planName":"NONE","currency":"CRC","type":"NONE"},"25":{"smskey":"Drive25","price":0,"isPopular":false},"1024":{"smsKey":"Drive1T","price":5150,"isPopular":false},"150":{"smsKey":"Drive150","price":1120,"isPopular":true},"75":{"smsKey":"Drive75","price":580,"isPopular":false}},"exclude":false},"claromovil":{"displayName":"Claro mÃ³vil","logo":"\/img\/partners\/claro-movil","gateway":"GATEWAYS:::smtgate"}},"name":"Costa Rica","icon":"\/img\/CR_round.png","motorolaPromo":false,"microsites":{"claronegocio":{"paymentMethods":"COUNTRIES:::CR:::paymentMethods:::claronegocio","isActive":true}},"region":"costarica","providers":{"choose":["PROVIDERS:::claromovil","PROVIDERS:::claronegocio","PROVIDERS:::email"],"login":[],"free":["PROVIDERS:::claromovil"],"register":["PROVIDERS:::claromovil"]}},"BR":{"toBeDisabled":false,"allowedFree":false,"paymentMethods":{"claro":{"displayName":"Claro","logo":"\/img\/partners\/claro","gateway":"GATEWAYS:::smtgate"},"claronegocio":{"displayName":"NegÃ³cio","logo":"\/img\/partners\/mail","exclude":true,"gateway":"GATEWAYS:::claronegocio"},"default":{"multipleFreePlans":false,"plans":{"default":{"quotaUnity":"QUOTA_UNITIES:::gb","compoundPrice":"R$${v}","currencySymbol":"$","planName":"NONE","currency":"R","type":"NONE"},"25":{"smsKey":"Drive25","price":0,"isPopular":false},"1024":{"quotaUnity":"QUOTA_UNITIES:::tb","smsKey":"Drive1T","price":26.9,"isPopular":false},"150":{"smsKey":"Drive150","price":5.99,"isPopular":true},"75":{"smsKey":"Drive75","price":2.99,"isPopular":false}},"exclude":false}},"name":"Brasil","icon":"\/img\/BR_round.png","motorolaPromo":false,"microsites":{"claronegocio":{"paymentMethods":"COUNTRIES:::BR:::paymentMethods:::claronegocio","isActive":true}},"region":"brasil","isActive":true,"providers":{"choose":["PROVIDERS:::claro"],"login":[],"free":["PROVIDERS:::claro"],"register":["PROVIDERS:::claro"]}},"AR":{"toBeDisabled":false,"allowedFree":false,"isActvie":true,"paymentMethods":{"claro":{"displayName":"Claro","logo":"\/img\/partners\/claro","gateway":"GATEWAYS:::smtgate"},"default":{"multipleFreePlans":false,"plans":{"100":{"smsKey":"Drive100","price":95,"isPopular":false},"default":{"quotaUnity":"QUOTA_UNITIES:::gb","compoundPrice":"$${v} ARS","currencySymbol":"$","planName":"NONE","currency":"ARS","type":"NONE"},"25":{"smskey":"Drive25","price":0,"isPopular":false},"300":{"smsKey":"Drive300","price":280,"isPopular":false},"50":{"smsKey":"Drive50","price":50,"isPopular":false},"75":{"smsKey":"Drive75","price":70,"isPopular":false,"planName":"TEXT_PGS_OFFERS_ARGENTINA_75_ARGENTINA_SUSCRIPCION_75GB","type":"MOTOROLAPROMO75"}},"exclude":false}},"name":"Argentina","icon":"\/img\/AR_round.png","motorolaPromo":true,"microsites":{"claronegocio":{"paymentMethods":"COUNTRIES:::AR:::paymentMethods:::claronegocio","isActive":true}},"region":"argentina","providers":{"choose":["PROVIDERS:::claro","PROVIDERS:::email"],"login":[],"free":["PROVIDERS:::claro"],"register":["PROVIDERS:::claro"]}},"PE":{"toBeDisabled":false,"allowedFree":false,"isActvie":true,"paymentMethods":{"claronegocio":{"displayName":"Negocio","logo":"\/img\/partners\/mail","exclude":true,"gateway":"GATEWAYS:::claronegocio"},"default":{"multipleFreePlans":false,"plans":{"default":{"quotaUnity":"QUOTA_UNITIES:::gb","compoundPrice":"S\/.${v} PEN","currencySymbol":"S\/.","planName":"NONE","currency":"PEN","type":"NONE"},"25":{"smskey":"Drive25","price":0,"isPopular":false},"1024":{"smsKey":"Drive1T","price":20,"isPopular":false},"150":{"smsKey":"Drive150","price":5,"isPopular":true},"75":{"smsKey":"Drive75","price":3,"isPopular":false}},"exclude":false},"claromovil":{"displayName":"Claro mÃ³vil","logo":"\/img\/partners\/claro-movil","gateway":"GATEWAYS:::smtgate"}},"name":"PerÃº","icon":"\/img\/PE_round.png","motorolaPromo":false,"microsites":{"claronegocio":{"paymentMethods":"COUNTRIES:::PE:::paymentMethods:::claronegocio","isActive":true}},"region":"peru","providers":{"choose":["PROVIDERS:::claromovil","PROVIDERS:::email"],"login":[],"free":["PROVIDERS:::claromovil"],"register":["PROVIDERS:::claromovil"]}},"NI":{"toBeDisabled":false,"allowedFree":false,"paymentMethods":{"claronegocio":{"displayName":"Negocio","logo":"\/img\/partners\/mail","exclude":true,"gateway":"GATEWAYS:::claronegocio"},"default":{"multipleFreePlans":false,"plans":{"default":{"quotaUnity":"QUOTA_UNITIES:::gb","compoundPrice":"$${v} USD","currencySymbol":"$","planName":"NONE","currency":"USD","type":"NONE"},"25":{"smsKey":"Drive25","price":0,"isPopular":false},"1024":{"smsKey":"Drive1T","price":9.2,"isPopular":false},"150":{"smsKey":"Drive150","price":2,"isPopular":true},"75":{"smsKey":"Drive75","price":1.05,"isPopular":false}},"exclude":false},"claromovil":{"displayName":"Claro mÃ³vil","logo":"\/img\/partners\/claro-movil","gateway":"GATEWAYS:::smtgate"}},"name":"Nicaragua","icon":"\/img\/NC_round.png","motorolaPromo":false,"microsites":{"claronegocio":{"paymentMethods":"COUNTRIES:::NC:::paymentMethods:::claronegocio","isActive":true}},"region":"nicaragua","isActive":true,"providers":{"choose":["PROVIDERS:::claromovil","PROVIDERS:::claronegocio","PROVIDERS:::email"],"login":[],"free":["PROVIDERS:::claromovil"],"register":["PROVIDERS:::claromovil"]}},"EC":{"toBeDisabled":false,"allowedFree":false,"paymentMethods":{"claronegocio":{"displayName":"Negocio","logo":"\/img\/partners\/mail","exclude":true,"gateway":"GATEWAYS:::claronegocio"},"default":{"multipleFreePlans":false,"plans":{"default":{"quotaUnity":"QUOTA_UNITIES:::gb","compoundPrice":"$${v} USD","currencySymbol":"$","planName":"NONE","currency":"USD","type":"NONE"},"25":{"smsKey":"Drive25","price":0,"isPopular":false},"1024":{"smsKey":"Drive1T","price":10.07,"isPopular":false},"150":{"smsKey":"Drive150","price":2.23,"isPopular":true},"75":{"smsKey":"Drive75","price":1.11,"isPopular":false}},"exclude":false},"claromovil":{"displayName":"Claro mÃ³vil","logo":"\/img\/partners\/claro-movil","gateway":"GATEWAYS:::smtgate"}},"name":"Ecuador","icon":"\/img\/EC_round.png","motorolaPromo":false,"microsites":{"claronegocio":{"paymentMethods":"COUNTRIES:::EC:::paymentMethods:::claronegocio","isActive":true}},"region":"ecuador","isActive":true,"providers":{"choose":["PROVIDERS:::claromovil","PROVIDERS:::claronegocio","PROVIDERS:::email"],"login":[],"free":["PROVIDERS:::claromovil"],"register":["PROVIDERS:::claromovil"]}}}

  And Validate promo            # steps.LandingSteps.validatePromo()
17:59:29.498 [Forwarding screenshot on session 8e18a09ffa100d19e8f5a64dc02471ec to remote] DEBUG org.asynchttpclient.netty.request.NettyRequestSender - Using pooled Channel '[id: 0x1d1622ac, L:/127.0.0.1:57810 - R:localhost/127.0.0.1:18552]' for 'GET' to 'http://localhost:18552/session/8e18a09ffa100d19e8f5a64dc02471ec/screenshot'
17:59:29.498 [Forwarding screenshot on session 8e18a09ffa100d19e8f5a64dc02471ec to remote] DEBUG org.asynchttpclient.netty.request.NettyRequestSender - Using open Channel [id: 0x1d1622ac, L:/127.0.0.1:57810 - R:localhost/127.0.0.1:18552] for GET '/session/8e18a09ffa100d19e8f5a64dc02471ec/screenshot'
17:59:30.239 [AsyncHttpClient-3-1] DEBUG org.asynchttpclient.netty.handler.HttpHandler - 

Request DefaultFullHttpRequest(decodeResult: success, version: HTTP/1.1, content: EmptyByteBufBE)
GET /session/8e18a09ffa100d19e8f5a64dc02471ec/screenshot HTTP/1.1
User-Agent: selenium/4.0.0-alpha-4 (java windows)
Cache-Control: no-cache
host: localhost:18552
accept: */*

Response DefaultHttpResponse(decodeResult: success, version: HTTP/1.1)
HTTP/1.1 200 OK
Content-Length: 1706652
Content-Type: application/json; charset=utf-8
cache-control: no-cache

17:59:30.247 [AsyncHttpClient-3-1] DEBUG org.asynchttpclient.netty.channel.ChannelManager - Adding key: http://localhost:18552 for channel [id: 0x1d1622ac, L:/127.0.0.1:57810 - R:localhost/127.0.0.1:18552]
false
17:59:30.331 [Forwarding close on session 8e18a09ffa100d19e8f5a64dc02471ec to remote] DEBUG org.asynchttpclient.netty.request.NettyRequestSender - Using pooled Channel '[id: 0x1d1622ac, L:/127.0.0.1:57810 - R:localhost/127.0.0.1:18552]' for 'DELETE' to 'http://localhost:18552/session/8e18a09ffa100d19e8f5a64dc02471ec/window'
17:59:30.332 [Forwarding close on session 8e18a09ffa100d19e8f5a64dc02471ec to remote] DEBUG org.asynchttpclient.netty.request.NettyRequestSender - Using open Channel [id: 0x1d1622ac, L:/127.0.0.1:57810 - R:localhost/127.0.0.1:18552] for DELETE '/session/8e18a09ffa100d19e8f5a64dc02471ec/window'
17:59:30.432 [AsyncHttpClient-7-1] DEBUG org.asynchttpclient.netty.handler.HttpHandler - Unexpected I/O exception on channel [id: 0x7547d2c7, L:/127.0.0.1:57819 - R:localhost/127.0.0.1:57811]
java.net.SocketException: Connection reset
	at java.base/sun.nio.ch.SocketChannelImpl.throwConnectionReset(SocketChannelImpl.java:394)
	at java.base/sun.nio.ch.SocketChannelImpl.read(SocketChannelImpl.java:426)
	at io.netty.buffer.PooledUnsafeDirectByteBuf.setBytes(PooledUnsafeDirectByteBuf.java:288)
	at io.netty.buffer.AbstractByteBuf.writeBytes(AbstractByteBuf.java:1132)
	at io.netty.channel.socket.nio.NioSocketChannel.doReadBytes(NioSocketChannel.java:347)
	at io.netty.channel.nio.AbstractNioByteChannel$NioByteUnsafe.read(AbstractNioByteChannel.java:148)
	at io.netty.channel.nio.NioEventLoop.processSelectedKey(NioEventLoop.java:648)
	at io.netty.channel.nio.NioEventLoop.processSelectedKeysOptimized(NioEventLoop.java:583)
	at io.netty.channel.nio.NioEventLoop.processSelectedKeys(NioEventLoop.java:500)
	at io.netty.channel.nio.NioEventLoop.run(NioEventLoop.java:462)
	at io.netty.util.concurrent.SingleThreadEventExecutor$5.run(SingleThreadEventExecutor.java:897)
	at io.netty.util.concurrent.FastThreadLocalRunnable.run(FastThreadLocalRunnable.java:30)
	at java.base/java.lang.Thread.run(Thread.java:833)
17:59:30.432 [AsyncHttpClient-7-1] DEBUG org.asynchttpclient.netty.channel.ChannelManager - Closing Channel [id: 0x7547d2c7, L:/127.0.0.1:57819 - R:localhost/127.0.0.1:57811] 
17:59:30.435 [AsyncHttpClient-7-1] DEBUG org.asynchttpclient.netty.handler.HttpHandler - Channel Closed: [id: 0x7547d2c7, L:/127.0.0.1:57819 ! R:localhost/127.0.0.1:57811] with attribute DISCARD
17:59:30.452 [AsyncHttpClient-3-1] DEBUG org.asynchttpclient.netty.handler.HttpHandler - 

Request DefaultFullHttpRequest(decodeResult: success, version: HTTP/1.1, content: EmptyByteBufBE)
DELETE /session/8e18a09ffa100d19e8f5a64dc02471ec/window HTTP/1.1
User-Agent: selenium/4.0.0-alpha-4 (java windows)
host: localhost:18552
accept: */*

Response DefaultHttpResponse(decodeResult: success, version: HTTP/1.1)
HTTP/1.1 200 OK
Content-Length: 12
Content-Type: application/json; charset=utf-8
cache-control: no-cache

17:59:30.453 [AsyncHttpClient-3-1] DEBUG org.asynchttpclient.netty.channel.ChannelManager - Adding key: http://localhost:18552 for channel [id: 0x1d1622ac, L:/127.0.0.1:57810 - R:localhost/127.0.0.1:18552]
      java.lang.NullPointerException: Cannot invoke "org.asynchttpclient.ws.WebSocket.sendCloseFrame(int, String)" because "this.socket" is null
	at org.openqa.selenium.remote.http.netty.NettyWebSocket.close(NettyWebSocket.java:116)
	at org.openqa.selenium.devtools.Connection.close(Connection.java:127)
	at java.base/java.util.Optional.ifPresent(Optional.java:178)
	at org.openqa.selenium.chromium.ChromiumDriver.quit(ChromiumDriver.java:192)
	at pages.utils.SeleniumDriver.tearDown(SeleniumDriver.java:83)
	at steps.AfterActions.tearDown(AfterActions.java:26)

]]></system-out>
    <system-err><![CDATA[sep. 14, 2023 5:59:18 P. M. io.cucumber.junit.Cucumber <init>
WARNING: By default Cucumber is running in --non-strict mode.
This default will change to --strict and --non-strict will be removed.
You can use --strict or @CucumberOptions(strict = true) to suppress this warning
Starting Microsoft Edge WebDriver 116.0.1938.81 (bc0eb28b55bd39571b5d9b4b46f78b06ab9e80b0) on port 18552
To submit feedback, report a bug, or suggest new features, please visit https://github.com/MicrosoftEdge/EdgeWebDriver

Only local connections are allowed.
Please see https://aka.ms/WebDriverSecurity for suggestions on keeping Microsoft Edge WebDriver safe.

Microsoft Edge WebDriver was started successfully.
sep. 14, 2023 5:59:22 P. M. org.openqa.selenium.remote.ProtocolHandshake createSession
INFO: Detected dialect: W3C
]]></system-err>
  </testcase>
</testsuite>